<?xml version="1.0" encoding="UTF-8"?>
<!-- Generated by org.testng.reporters.JUnitReportReporter -->
<testsuite hostname="DESKTOP-HDKIH51" failures="0" tests="1" name="generic.GetDataFromProperty" time="0.015" errors="0" timestamp="2023-04-12T01:27:55 IST" skipped="0">
  <testcase classname="generic.GetDataFromProperty" name="GetData" time="0.015"/>
  <system-out/>
</testsuite> <!-- generic.GetDataFromProperty -->
