<?xml version="1.0" encoding="UTF-8"?>
<!-- Generated by org.testng.reporters.JUnitReportReporter -->
<testsuite hostname="DESKTOP-HDKIH51" failures="0" tests="9" name="sample.Ecom" time="0.029" errors="0" timestamp="2023-03-30T17:10:21 IST" skipped="1">
  <testcase classname="sample.Ecom" name="signUP" time="0.009"/>
  <system-out>
    <![CDATA[framework start]]>
  </system-out>
  <testcase classname="sample.Ecom" name="cart" time="0.004"/>
  <system-out>
    <![CDATA[framework start]]>
  </system-out>
  <testcase classname="sample.Ecom" name="cart" time="0.003"/>
  <system-out>
    <![CDATA[framework start]]>
  </system-out>
  <testcase classname="sample.Ecom" name="cart" time="0.002"/>
  <system-out>
    <![CDATA[framework start]]>
  </system-out>
  <testcase classname="sample.Ecom" name="cart" time="0.002"/>
  <system-out>
    <![CDATA[framework start]]>
  </system-out>
  <testcase classname="sample.Ecom" name="payment" time="0.002"/>
  <system-out>
    <![CDATA[Framework Ends]]>
  </system-out>
  <testcase classname="sample.Ecom" name="payment" time="0.002"/>
  <system-out>
    <![CDATA[Framework Ends]]>
  </system-out>
  <testcase classname="sample.Ecom" name="payment" time="0.005"/>
  <system-out>
    <![CDATA[Framework Ends]]>
  </system-out>
  <testcase classname="sample.Ecom" name="logout">
    <skipped/>
  </testcase> <!-- logout -->
  <system-out/>
</testsuite> <!-- sample.Ecom -->
