<?xml version="1.0" encoding="UTF-8"?>
<!-- Generated by org.testng.reporters.JUnitReportReporter -->
<testsuite hostname="DESKTOP-HDKIH51" failures="0" tests="1" name="demo.TS_LoginInsta" time="10.804" errors="0" timestamp="2023-04-14T12:48:39 IST" skipped="0">
  <testcase classname="demo.TS_LoginInsta" name="login" time="10.804"/>
  <system-out/>
</testsuite> <!-- demo.TS_LoginInsta -->
