<?xml version="1.0" encoding="UTF-8"?>
<!-- Generated by org.testng.reporters.JUnitReportReporter -->
<testsuite hostname="DESKTOP-HDKIH51" failures="0" tests="2" name="sample.Demo" time="0.020" errors="0" timestamp="2023-03-30T17:10:21 IST" skipped="0">
  <testcase classname="sample.Demo" name="display" time="0.017"/>
  <system-out>
    <![CDATA[Framework Ends]]>
  </system-out>
  <testcase classname="sample.Demo" name="print" time="0.003"/>
  <system-out>
    <![CDATA[framework start]]>
  </system-out>
</testsuite> <!-- sample.Demo -->
