<?xml version="1.0" encoding="UTF-8"?>
<!-- Generated by org.testng.reporters.JUnitReportReporter -->
<testsuite hostname="DESKTOP-HDKIH51" failures="0" tests="2" name="demo.TS_MultipleLoginDataInsta" time="19.111" errors="0" timestamp="2023-04-14T13:20:46 IST" skipped="0">
  <testcase classname="demo.TS_MultipleLoginDataInsta" name="script" time="7.770"/>
  <system-out/>
  <testcase classname="demo.TS_MultipleLoginDataInsta" name="script" time="11.341"/>
  <system-out/>
</testsuite> <!-- demo.TS_MultipleLoginDataInsta -->
