<?xml version="1.0" encoding="UTF-8"?>
<!-- Generated by org.testng.reporters.JUnitReportReporter -->
<testsuite hostname="DESKTOP-HDKIH51" failures="0" tests="1" name="scriptAutomation.TS_Register" time="10.036" errors="0" timestamp="2023-04-03T12:37:17 IST" skipped="0">
  <testcase classname="scriptAutomation.TS_Register" name="register" time="10.036"/>
  <system-out/>
</testsuite> <!-- scriptAutomation.TS_Register -->
