<?xml version="1.0" encoding="UTF-8"?>
<!-- Generated by org.testng.reporters.JUnitReportReporter -->
<testsuite hostname="DESKTOP-HDKIH51" failures="0" tests="8" name="demo.Ecom" time="0.028" errors="0" timestamp="2023-04-11T23:50:43 IST" skipped="1">
  <testcase classname="demo.Ecom" name="signUP" time="0.014"/>
  <system-out>
    <![CDATA[framework start]]>
  </system-out>
  <testcase classname="demo.Ecom" name="login" time="0.003"/>
  <system-out>
    <![CDATA[Log in OK]]>
  </system-out>
  <testcase classname="demo.Ecom" name="cart" time="0.002"/>
  <system-out>
    <![CDATA[Cart added]]>
  </system-out>
  <testcase classname="demo.Ecom" name="cart" time="0.002"/>
  <system-out>
    <![CDATA[Cart added]]>
  </system-out>
  <testcase classname="demo.Ecom" name="cart" time="0.002"/>
  <system-out>
    <![CDATA[Cart added]]>
  </system-out>
  <testcase classname="demo.Ecom" name="cart" time="0.004"/>
  <system-out>
    <![CDATA[Cart added]]>
  </system-out>
  <testcase classname="demo.Ecom" name="payment" time="0.001"/>
  <system-out>
    <![CDATA[Payment Done]]>
  </system-out>
  <testcase classname="demo.Ecom" name="logout">
    <skipped/>
  </testcase> <!-- logout -->
  <system-out/>
</testsuite> <!-- demo.Ecom -->
