<?xml version="1.0" encoding="UTF-8"?>
<!-- Generated by org.testng.reporters.JUnitReportReporter -->
<testsuite hostname="DESKTOP-HDKIH51" failures="0" tests="1" name="scriptAutomation.TS_LoginInsta" time="8.529" errors="0" timestamp="2023-04-04T00:24:08 IST" skipped="0">
  <testcase classname="scriptAutomation.TS_LoginInsta" name="login" time="8.529"/>
  <system-out/>
</testsuite> <!-- scriptAutomation.TS_LoginInsta -->
